d:\code_space\opencl\sm2_pc\sm2_pc\x64\debug\vc143.pdb
d:\code_space\opencl\sm2_pc\sm2_pc\x64\debug\vc143.idb
d:\code_space\opencl\sm2_pc\sm2_pc\x64\debug\sm3.obj
d:\code_space\opencl\sm2_pc\sm2_pc\x64\debug\sm2.obj
d:\code_space\opencl\sm2_pc\sm2_pc\x64\debug\main.obj
d:\code_space\opencl\sm2_pc\sm2_pc\x64\debug\ecc.obj
d:\code_space\opencl\sm2_pc\sm2_pc\x64\debug\sm2_pc.ilk
d:\code_space\opencl\sm2_pc\x64\debug\sm2_pc.exe
d:\code_space\opencl\sm2_pc\x64\debug\sm2_pc.pdb
d:\code_space\opencl\sm2_pc\sm2_pc\x64\debug\ecc.nativecodeanalysis.xml
d:\code_space\opencl\sm2_pc\sm2_pc\x64\debug\main.nativecodeanalysis.xml
d:\code_space\opencl\sm2_pc\sm2_pc\x64\debug\sm2.nativecodeanalysis.xml
d:\code_space\opencl\sm2_pc\sm2_pc\x64\debug\sm3.nativecodeanalysis.xml
d:\code_space\opencl\sm2_pc\sm2_pc\x64\debug\vc.nativecodeanalysis.all.xml
d:\code_space\opencl\sm2_pc\sm2_pc\x64\debug\sm2_pc.tlog\cl.command.1.tlog
d:\code_space\opencl\sm2_pc\sm2_pc\x64\debug\sm2_pc.tlog\cl.read.1.tlog
d:\code_space\opencl\sm2_pc\sm2_pc\x64\debug\sm2_pc.tlog\cl.write.1.tlog
d:\code_space\opencl\sm2_pc\sm2_pc\x64\debug\sm2_pc.tlog\link.command.1.tlog
d:\code_space\opencl\sm2_pc\sm2_pc\x64\debug\sm2_pc.tlog\link.read.1.tlog
d:\code_space\opencl\sm2_pc\sm2_pc\x64\debug\sm2_pc.tlog\link.write.1.tlog
