d:\code_space\opencl\vs_sm9\vs_sm9\x64\debug\vc143.pdb
d:\code_space\opencl\vs_sm9\vs_sm9\x64\debug\vc143.idb
d:\code_space\opencl\vs_sm9\vs_sm9\x64\debug\utility.obj
d:\code_space\opencl\vs_sm9\vs_sm9\x64\debug\sm9pkc.obj
d:\code_space\opencl\vs_sm9\vs_sm9\x64\debug\sm9ka.obj
d:\code_space\opencl\vs_sm9\vs_sm9\x64\debug\sm9dsa.obj
d:\code_space\opencl\vs_sm9\vs_sm9\x64\debug\sm4.obj
d:\code_space\opencl\vs_sm9\vs_sm9\x64\debug\sm3.obj
d:\code_space\opencl\vs_sm9\vs_sm9\x64\debug\params.obj
d:\code_space\opencl\vs_sm9\vs_sm9\x64\debug\main.obj
d:\code_space\opencl\vs_sm9\vs_sm9\x64\debug\bnpoint2.obj
d:\code_space\opencl\vs_sm9\vs_sm9\x64\debug\bnpoint.obj
d:\code_space\opencl\vs_sm9\vs_sm9\x64\debug\bnpairing.obj
d:\code_space\opencl\vs_sm9\vs_sm9\x64\debug\bnfield4.obj
d:\code_space\opencl\vs_sm9\vs_sm9\x64\debug\bnfield2.obj
d:\code_space\opencl\vs_sm9\vs_sm9\x64\debug\bnfield12.obj
d:\code_space\opencl\vs_sm9\vs_sm9\x64\debug\bigint.obj
d:\code_space\opencl\vs_sm9\vs_sm9\x64\debug\vs_sm9.ilk
d:\code_space\opencl\vs_sm9\x64\debug\vs_sm9.exe
d:\code_space\opencl\vs_sm9\x64\debug\vs_sm9.pdb
d:\code_space\opencl\vs_sm9\vs_sm9\x64\debug\vs_sm9.tlog\cl.command.1.tlog
d:\code_space\opencl\vs_sm9\vs_sm9\x64\debug\vs_sm9.tlog\cl.read.1.tlog
d:\code_space\opencl\vs_sm9\vs_sm9\x64\debug\vs_sm9.tlog\cl.write.1.tlog
d:\code_space\opencl\vs_sm9\vs_sm9\x64\debug\vs_sm9.tlog\link.command.1.tlog
d:\code_space\opencl\vs_sm9\vs_sm9\x64\debug\vs_sm9.tlog\link.read.1.tlog
d:\code_space\opencl\vs_sm9\vs_sm9\x64\debug\vs_sm9.tlog\link.write.1.tlog
